2018-05-13 11:07:47,495 INFO Index page.
2018-05-13 11:07:47,495 INFO "GET / HTTP/1.1" 200 10
2018-05-13 11:07:55,454 WARNING "GET /login HTTP/1.1" 405 57
2018-05-13 11:08:14,819 INFO user login request for bhautiksenjaliya@yahoo.com
2018-05-13 11:08:15,125 INFO user bhautiksenjaliya@yahoo.com is loggedin successfully
2018-05-13 11:08:15,181 INFO "POST /login HTTP/1.1" 200 60
2018-05-13 11:08:27,008 INFO "GET /ticket HTTP/1.1" 200 404
2018-05-13 11:09:03,584 INFO "DELETE /ticket HTTP/1.1" 200 87
2018-05-13 11:09:11,331 INFO "GET /ticket HTTP/1.1" 200 34
2018-05-13 11:09:31,829 INFO Request to search for ticket id 5af602d7304be611b6f3abb8
2018-05-13 11:09:31,833 INFO "GET /searchticket/5af602d7304be611b6f3abb8 HTTP/1.1" 200 35
2018-05-13 11:10:21,694 INFO Request to search for ticket id 5af602d7304be611b6f3abb8
2018-05-13 11:10:21,698 INFO "GET /searchticket/5af602d7304be611b6f3abb8 HTTP/1.1" 200 35
2018-05-13 11:11:33,522 INFO Request to search for ticket id 5af602d7304be611b6f3abb8
2018-05-13 11:11:33,526 INFO "GET /searchticket/5af602d7304be611b6f3abb8 HTTP/1.1" 200 53
2018-05-13 11:20:10,546 INFO Request to search for ticket id 5af602d7304be611b6f3abb8
2018-05-13 11:20:10,551 INFO "GET /searchticket/5af602d7304be611b6f3abb8 HTTP/1.1" 200 33
2018-05-13 11:20:45,396 INFO User bhautiksenjaliya@yahoo.com is logout
2018-05-13 11:20:45,471 INFO "GET /logout HTTP/1.1" 200 45
2018-05-13 11:21:09,045 INFO user login request for sens.bhautik@gmail.com
2018-05-13 11:21:09,338 INFO user sens.bhautik@gmail.com is loggedin successfully
2018-05-13 11:21:09,384 INFO "POST /login HTTP/1.1" 200 60
2018-05-13 11:21:23,684 INFO "GET /adminticket HTTP/1.1" 200 34
2018-05-13 11:22:08,837 INFO "GET /ticket HTTP/1.1" 200 34
2018-05-13 11:23:24,914 INFO Ticker request came from 2 for this product pay
2018-05-13 11:23:24,917 INFO ticker inserted with ticket number 5af7d2d4304be61499f449ce
2018-05-13 11:23:24,917 INFO "POST /ticket HTTP/1.1" 201 82
2018-05-13 11:24:03,803 INFO "GET /ticket HTTP/1.1" 200 244
2018-05-13 11:25:03,531 ERROR ticket_id and description is not provided in request
2018-05-13 11:25:03,533 INFO "PUT /ticket HTTP/1.1" 200 88
2018-05-13 11:25:12,391 INFO "GET /ticket HTTP/1.1" 200 244
2018-05-13 11:25:41,596 ERROR ticket_id and description is not provided in request
2018-05-13 11:25:41,597 INFO "PUT /ticket HTTP/1.1" 200 88
2018-05-13 11:26:15,600 INFO Modify ticket request for ticket 5af7d2d4304be61499f449ce
2018-05-13 11:26:15,603 INFO Response for modified ticket 5af7d2d4304be61499f449ce is {'updatedExisting': True, u'nModified': 1, u'ok': 1.0, u'n': 1}
2018-05-13 11:26:15,604 INFO "PUT /ticket HTTP/1.1" 200 55
2018-05-13 11:36:50,069 INFO Index page.
2018-05-13 11:36:50,126 INFO "GET / HTTP/1.1" 200 1230
2018-05-13 11:36:50,315 WARNING Not Found: /favicon.ico
2018-05-13 11:36:50,316 WARNING "GET /favicon.ico HTTP/1.1" 404 3089
2018-05-13 11:36:50,333 WARNING Not Found: /favicon.ico
2018-05-13 11:36:50,333 WARNING "GET /favicon.ico HTTP/1.1" 404 3089
2018-05-13 11:40:01,139 INFO Index page.
2018-05-13 11:40:01,140 INFO "GET / HTTP/1.1" 200 1792
2018-05-13 11:41:47,365 INFO Index page.
2018-05-13 11:41:47,367 INFO "GET / HTTP/1.1" 200 1894
2018-05-13 11:42:02,468 INFO Index page.
2018-05-13 11:42:02,470 INFO "GET / HTTP/1.1" 200 1900
2018-05-13 11:43:11,224 INFO Index page.
2018-05-13 11:43:11,225 INFO "GET / HTTP/1.1" 200 2114
2018-05-13 11:45:50,905 INFO Index page.
2018-05-13 11:45:50,907 INFO "GET / HTTP/1.1" 200 2229
2018-05-13 11:47:02,037 INFO Index page.
2018-05-13 11:47:02,040 INFO "GET / HTTP/1.1" 200 2411
2018-05-13 11:47:36,521 INFO Index page.
2018-05-13 11:47:36,523 INFO "GET / HTTP/1.1" 200 2415
2018-05-13 11:47:54,335 INFO Index page.
2018-05-13 11:47:54,337 INFO "GET / HTTP/1.1" 200 2419
2018-05-13 11:48:26,482 INFO Index page.
2018-05-13 11:48:26,483 INFO "GET / HTTP/1.1" 200 2422
2018-05-13 11:54:01,035 INFO Index page.
2018-05-13 11:54:01,036 INFO "GET / HTTP/1.1" 200 2476
2018-05-13 11:56:46,348 INFO Index page.
2018-05-13 11:56:46,350 INFO "GET / HTTP/1.1" 200 2728
2018-05-13 12:01:53,501 INFO Index page.
2018-05-13 12:01:53,504 INFO "GET / HTTP/1.1" 200 2903
2018-05-13 12:02:34,184 INFO Index page.
2018-05-13 12:02:34,185 INFO "GET / HTTP/1.1" 200 2903
2018-05-13 12:02:34,683 INFO Index page.
2018-05-13 12:02:34,684 INFO "GET / HTTP/1.1" 200 2903
2018-05-13 12:03:15,463 INFO Index page.
2018-05-13 12:03:15,465 INFO "GET / HTTP/1.1" 200 3974
2018-05-13 12:06:11,198 INFO Index page.
2018-05-13 12:06:11,200 INFO "GET / HTTP/1.1" 200 3997
2018-05-13 12:07:22,234 INFO Index page.
2018-05-13 12:07:22,236 INFO "GET / HTTP/1.1" 200 3997
2018-05-13 12:11:15,297 INFO Index page.
2018-05-13 12:11:15,299 INFO "GET / HTTP/1.1" 200 4053
2018-05-13 12:15:11,913 INFO Index page.
2018-05-13 12:15:11,914 INFO "GET / HTTP/1.1" 200 4085
2018-05-13 12:16:15,673 INFO Index page.
2018-05-13 12:16:15,674 INFO "GET / HTTP/1.1" 200 4098
2018-05-13 12:16:40,892 INFO Index page.
2018-05-13 12:16:40,893 INFO "GET / HTTP/1.1" 200 3905
2018-05-13 12:20:26,576 INFO Index page.
2018-05-13 12:20:26,578 INFO "GET / HTTP/1.1" 200 4174
2018-05-13 12:21:03,408 INFO Index page.
2018-05-13 12:21:03,410 INFO "GET / HTTP/1.1" 200 4026
2018-05-13 12:21:51,614 INFO Index page.
2018-05-13 12:21:51,616 INFO "GET / HTTP/1.1" 200 3954
2018-05-13 12:22:16,173 INFO Index page.
2018-05-13 12:22:16,174 INFO "GET / HTTP/1.1" 200 3930
2018-05-13 12:24:00,516 INFO Index page.
2018-05-13 12:24:00,518 INFO "GET / HTTP/1.1" 200 3984
2018-05-13 12:28:54,740 INFO Index page.
2018-05-13 12:28:54,742 INFO "GET / HTTP/1.1" 200 4395
2018-05-13 12:31:01,452 INFO Index page.
2018-05-13 12:31:01,454 INFO "GET / HTTP/1.1" 200 4697
2018-05-13 12:45:19,466 INFO Index page.
2018-05-13 12:45:19,468 INFO "GET / HTTP/1.1" 200 5464
2018-05-13 12:45:51,532 INFO Index page.
2018-05-13 12:45:51,533 INFO "GET / HTTP/1.1" 200 5466
2018-05-13 12:46:37,579 INFO Index page.
2018-05-13 12:46:37,580 INFO "GET / HTTP/1.1" 200 5482
2018-05-13 12:47:19,270 INFO Index page.
2018-05-13 12:47:19,272 INFO "GET / HTTP/1.1" 200 5482
2018-05-13 12:47:57,637 INFO Index page.
2018-05-13 12:47:57,639 INFO "GET / HTTP/1.1" 200 5508
2018-05-13 12:50:11,117 INFO Index page.
2018-05-13 12:50:11,120 INFO "GET / HTTP/1.1" 200 5349
2018-05-13 12:51:55,473 INFO Index page.
2018-05-13 12:51:55,474 INFO "GET / HTTP/1.1" 200 5396
2018-05-13 12:54:25,754 INFO Index page.
2018-05-13 12:54:25,755 INFO "GET / HTTP/1.1" 200 5441
2018-05-13 12:54:48,508 INFO Index page.
2018-05-13 12:54:48,510 INFO "GET / HTTP/1.1" 200 5441
